BEGIN 3:axi_if:fast__2:work
    wready :  1:top:fast:work
    awaddr :  1:top:fast:work
    bid :  1:top:fast:work
    wdata :  1:top:fast:work
    rlast :  1:top:fast:work
    arlen :  1:top:fast:work
    awburst :  1:top:fast:work
    bready :  1:top:fast:work
    wvalid :  1:top:fast:work
    awid :  1:top:fast:work
    arready :  1:top:fast:work
    wid :  1:top:fast:work
    rresp :  1:top:fast:work
    araddr :  1:top:fast:work
    awsize :  1:top:fast:work
    bvalid :  1:top:fast:work
    wlast :  1:top:fast:work
    rready :  1:top:fast:work
    arvalid :  1:top:fast:work
    awready :  1:top:fast:work
    rdata :  1:top:fast:work
    arid :  1:top:fast:work
    awlen :  1:top:fast:work
    bresp :  1:top:fast:work
    wstrb :  1:top:fast:work
    rvalid :  1:top:fast:work
    aresetn :  1:top:fast:work
    arburst :  1:top:fast:work
    awvalid :  1:top:fast:work
    rid :  1:top:fast:work
END 
BEGIN 3:ahb_if:fast__2:work
    hresp :  1:top:fast:work
    hsize :  1:top:fast:work
    hmaster :  1:top:fast:work
    hwdata :  1:top:fast:work
    hlock :  1:top:fast:work
    haddr :  1:top:fast:work
    hresetn :  1:top:fast:work
    hready :  1:top:fast:work
    hwrite :  1:top:fast:work
    hgrant :  1:top:fast:work
    hburst :  1:top:fast:work
    hbusreq :  1:top:fast:work
    hrdata :  1:top:fast:work
    htrans :  1:top:fast:work
END 
